\BOOKMARK [0][-]{chapter*.2}{List of Figures}{}% 1
\BOOKMARK [0][-]{chapter*.3}{List of Tables}{}% 2
\BOOKMARK [0][-]{chapter.1}{1 Introduction}{}% 3
\BOOKMARK [0][-]{chapter.2}{2 FFT-based methods for mechanical problems}{}% 4
\BOOKMARK [1][-]{section.2.1}{2.1 Conventional FFT}{chapter.2}% 5
\BOOKMARK [1][-]{section.2.2}{2.2 Variational FFT}{chapter.2}% 6
\BOOKMARK [1][-]{section.2.3}{2.3 Other methods}{chapter.2}% 7
\BOOKMARK [0][-]{chapter.3}{3 Variational formulation}{}% 8
\BOOKMARK [1][-]{section.3.1}{3.1 Local problem and its weak form}{chapter.3}% 9
\BOOKMARK [1][-]{section.3.2}{3.2 Compatibility}{chapter.3}% 10
\BOOKMARK [1][-]{section.3.3}{3.3 Basis functions}{chapter.3}% 11
\BOOKMARK [2][-]{subsection.3.3.1}{3.3.1 Numerical integration}{section.3.3}% 12
\BOOKMARK [2][-]{subsection.3.3.2}{3.3.2 Convolution}{section.3.3}% 13
\BOOKMARK [1][-]{section.3.4}{3.4 Discretization}{chapter.3}% 14
\BOOKMARK [1][-]{section.3.5}{3.5 Linearization}{chapter.3}% 15
\BOOKMARK [1][-]{section.3.6}{3.6 Algorithm}{chapter.3}% 16
\BOOKMARK [1][-]{section.3.7}{3.7 Extension to finite strain}{chapter.3}% 17
\BOOKMARK [2][-]{subsection.3.7.1}{3.7.1 Problem statement}{section.3.7}% 18
\BOOKMARK [2][-]{subsection.3.7.2}{3.7.2 Weak form}{section.3.7}% 19
\BOOKMARK [2][-]{subsection.3.7.3}{3.7.3 Projection to a compatible solution space}{section.3.7}% 20
\BOOKMARK [2][-]{subsection.3.7.4}{3.7.4 Discretization}{section.3.7}% 21
\BOOKMARK [2][-]{subsection.3.7.5}{3.7.5 Quadrature}{section.3.7}% 22
\BOOKMARK [2][-]{subsection.3.7.6}{3.7.6 Implementation}{section.3.7}% 23
\BOOKMARK [1][-]{section.3.8}{3.8 Convergence criteria}{chapter.3}% 24
\BOOKMARK [0][-]{chapter.4}{4 Numerical Results - Elasticity}{}% 25
\BOOKMARK [1][-]{section.4.1}{4.1 Material characterization}{chapter.4}% 26
\BOOKMARK [2][-]{subsection.4.1.1}{4.1.1 Saint Venant-Kirchhoff model}{section.4.1}% 27
\BOOKMARK [2][-]{subsection.4.1.2}{4.1.2 Hencky model}{section.4.1}% 28
\BOOKMARK [1][-]{section.4.2}{4.2 Comparison between FFT and FEM-based homogenization}{chapter.4}% 29
\BOOKMARK [2][-]{subsection.4.2.1}{4.2.1 Small strain}{section.4.2}% 30
\BOOKMARK [2][-]{subsection.4.2.2}{4.2.2 Large strain}{section.4.2}% 31
\BOOKMARK [0][-]{chapter.5}{5 Numerical Results - Elastoplasticity}{}% 32
\BOOKMARK [1][-]{section.5.1}{5.1 Material characterization}{chapter.5}% 33
\BOOKMARK [2][-]{subsection.5.1.1}{5.1.1 von Mises - small strains}{section.5.1}% 34
\BOOKMARK [2][-]{subsection.5.1.2}{5.1.2 von Mises - large strains}{section.5.1}% 35
\BOOKMARK [1][-]{section.5.2}{5.2 Comparison between FFT and FEM-based homogenization}{chapter.5}% 36
\BOOKMARK [0][-]{appendix*.62}{Bibliography}{}% 37
